<?xml version="1.0" encoding="UTF-8"?>
<!-- Generated by org.testng.reporters.JUnitReportReporter -->
<testsuite skipped="0" hostname="Infva06486" name="Day10.FirstScript" tests="1" failures="0" timestamp="15 Mar 2019 08:15:17 GMT" time="2.739" errors="0">
  <testcase name="f" time="2.739" classname="Day10.FirstScript"/>
</testsuite> <!-- Day10.FirstScript -->
