<?xml version="1.0" encoding="UTF-8"?>
<!-- Generated by org.testng.reporters.JUnitReportReporter -->
<testsuite skipped="0" hostname="Infva06486" name="Day8JUnit.Grouping" tests="3" failures="0" timestamp="13 Mar 2019 09:14:25 GMT" time="0.016" errors="0">
  <testcase name="f3" time="0.000" classname="Day8JUnit.Grouping"/>
  <testcase name="f1" time="0.016" classname="Day8JUnit.Grouping"/>
  <testcase name="f2" time="0.000" classname="Day8JUnit.Grouping"/>
</testsuite> <!-- Day8JUnit.Grouping -->
