<?xml version="1.0" encoding="UTF-8"?>
<!-- Generated by org.testng.reporters.JUnitReportReporter -->
<testsuite skipped="0" hostname="Infva06486" name="Day7Junit.Scrolling" tests="1" failures="0" timestamp="13 Mar 2019 07:49:48 GMT" time="20.055" errors="0">
  <testcase name="test" time="20.055" classname="Day7Junit.Scrolling"/>
</testsuite> <!-- Day7Junit.Scrolling -->
