<?xml version="1.0" encoding="UTF-8"?>
<!-- Generated by org.testng.reporters.JUnitReportReporter -->
<testsuite skipped="0" hostname="Infva06486" name="Day7.CookieTest" tests="1" failures="0" timestamp="12 Mar 2019 05:23:29 GMT" time="3.296" errors="0">
  <testcase name="Google" time="3.296" classname="Day7.CookieTest"/>
</testsuite> <!-- Day7.CookieTest -->
