<?xml version="1.0" encoding="UTF-8"?>
<!-- Generated by org.testng.reporters.JUnitReportReporter -->
<testsuite skipped="0" hostname="Infva06486" name="Day7.OracleDelete" tests="1" failures="0" timestamp="12 Mar 2019 05:42:18 GMT" time="8.383" errors="0">
  <testcase name="oracleCookie" time="8.383" classname="Day7.OracleDelete"/>
</testsuite> <!-- Day7.OracleDelete -->
