<?xml version="1.0" encoding="UTF-8"?>
<!-- Generated by org.testng.reporters.JUnitReportReporter -->
<testsuite skipped="0" hostname="Infva06486" name="util.Executethis" tests="1" failures="0" timestamp="14 Mar 2019 05:28:16 GMT" time="5.153" errors="0">
  <testcase name="f" time="5.153" classname="util.Executethis"/>
</testsuite> <!-- util.Executethis -->
