<?xml version="1.0" encoding="UTF-8"?>
<!-- Generated by org.testng.reporters.JUnitReportReporter -->
<testsuite skipped="0" hostname="Infva06486" name="util.Executeion" tests="2" failures="0" timestamp="14 Mar 2019 04:47:55 GMT" time="61.186" errors="0">
  <testcase name="f1" time="57.367" classname="util.Executeion"/>
  <testcase name="f" time="3.819" classname="util.Executeion"/>
</testsuite> <!-- util.Executeion -->
