<?xml version="1.0" encoding="UTF-8"?>
<!-- Generated by org.testng.reporters.JUnitReportReporter -->
<testsuite skipped="0" hostname="Infva06486" name="util.Grid" tests="1" failures="0" timestamp="14 Mar 2019 10:10:02 GMT" time="7.144" errors="0">
  <testcase name="f" time="7.144" classname="util.Grid"/>
</testsuite> <!-- util.Grid -->
