<?xml version="1.0" encoding="UTF-8"?>
<!-- Generated by org.testng.reporters.JUnitReportReporter -->
<testsuite skipped="0" hostname="Infva06486" name="Day8JUnit.ReadProperty" tests="1" failures="0" timestamp="13 Mar 2019 10:23:03 GMT" time="8.984" errors="0">
  <testcase name="f" time="8.984" classname="Day8JUnit.ReadProperty"/>
</testsuite> <!-- Day8JUnit.ReadProperty -->
