<?xml version="1.0" encoding="UTF-8"?>
<!-- Generated by org.testng.reporters.JUnitReportReporter -->
<testsuite skipped="0" hostname="Infva06486" name="Day8JUnit.dependsExample" tests="3" failures="0" timestamp="13 Mar 2019 07:49:48 GMT" time="4.757" errors="0">
  <testcase name="f3" time="2.215" classname="Day8JUnit.dependsExample"/>
  <testcase name="f2" time="0.089" classname="Day8JUnit.dependsExample"/>
  <testcase name="f1" time="2.453" classname="Day8JUnit.dependsExample"/>
</testsuite> <!-- Day8JUnit.dependsExample -->
