<?xml version="1.0" encoding="UTF-8"?>
<!-- Generated by org.testng.reporters.JUnitReportReporter -->
<testsuite skipped="0" hostname="Infva06486" name="util.DatabaseConnection" tests="1" failures="0" timestamp="11 Mar 2019 12:23:30 GMT" time="0.252" errors="0">
  <testcase name="f" time="0.252" classname="util.DatabaseConnection"/>
</testsuite> <!-- util.DatabaseConnection -->
