<?xml version="1.0" encoding="UTF-8"?>
<!-- Generated by org.testng.reporters.JUnitReportReporter -->
<testsuite skipped="0" hostname="Infva06486" name="day4NG.FirstNG" tests="2" failures="0" timestamp="09 Mar 2019 06:52:25 GMT" time="3.030" errors="0">
  <testcase name="f" time="2.978" classname="day4NG.FirstNG"/>
  <testcase name="searchBoxTest" time="0.052" classname="day4NG.FirstNG"/>
</testsuite> <!-- day4NG.FirstNG -->
