<?xml version="1.0" encoding="UTF-8"?>
<!-- Generated by org.testng.reporters.JUnitReportReporter -->
<testsuite skipped="0" hostname="Infva06486" name="Day10.FirstScript" tests="1" failures="0" timestamp="15 Mar 2019 10:02:00 GMT" time="13.221" errors="0">
  <testcase name="f" time="13.221" classname="Day10.FirstScript"/>
</testsuite> <!-- Day10.FirstScript -->
